Virtual User Script started at: 9/10/2019 4:22:16 PM
Starting action vuser_init.
Web Turbo Replay of LoadRunner 12.63.0 for Windows 10; build 399 (May 14 2019 11:24:39)  	[MsgId: MMSG-26983]
Run mode: HTML  	[MsgId: MMSG-26993]
Replay user agent: Mozilla/5.0 (Windows NT 10.0; Win64; x64) AppleWebKit/537.36 (KHTML, like Gecko) Chrome/76.0.3809.132 Safari/537.36  	[MsgId: MMSG-26988]
Runtime Settings file: "C:\Users\mcarlosa\Documents\VuGen\Scripts\Google Search\\default.cfg"  	[MsgId: MMSG-27141]
Starting to download the proxy automatic configuration script, URL="http://autocache.softwaregrp.net/"  	[MsgId: MMSG-27097]
Proxy automatic configuration script (URL="http://autocache.softwaregrp.net/") downloaded and evaluated successfully  	[MsgId: MMSG-27096]
Ending action vuser_init.
Running Vuser...
Starting iteration 1.
Maximum number of concurrent connections per server: 6  	[MsgId: MMSG-26989]
Starting action Action.
Action.c(4): web_set_sockets_option started  	[MsgId: MMSG-26355]
Action.c(4): web_set_sockets_option was successful  	[MsgId: MMSG-26392]
Action.c(6): web_add_auto_header("Sec-Fetch-Site") started  	[MsgId: MMSG-26355]
Action.c(6): web_add_auto_header("Sec-Fetch-Site") was successful  	[MsgId: MMSG-26392]
Action.c(9): web_add_header("X-Goog-Update-AppId") started  	[MsgId: MMSG-26355]
Action.c(9): web_add_header("X-Goog-Update-AppId") was successful  	[MsgId: MMSG-26392]
Action.c(12): web_add_header("X-Goog-Update-Interactivity") started  	[MsgId: MMSG-26355]
Action.c(12): web_add_header("X-Goog-Update-Interactivity") was successful  	[MsgId: MMSG-26392]
Action.c(15): web_add_header("X-Goog-Update-Updater") started  	[MsgId: MMSG-26355]
Action.c(15): web_add_header("X-Goog-Update-Updater") was successful  	[MsgId: MMSG-26392]
Action.c(18): web_url("crx") started  	[MsgId: MMSG-26355]
Action.c(18): web_url("crx") was successful, 232 body bytes, 726 header bytes  	[MsgId: MMSG-26386]
Action.c(27): web_add_header("A-IM") started  	[MsgId: MMSG-26355]
Action.c(27): web_add_header("A-IM") was successful  	[MsgId: MMSG-26392]
Action.c(30): web_url("seed") started  	[MsgId: MMSG-26355]
Action.c(30): HTML parsing not performed for Content-Type "application/x-gzip" ("ParseHtmlContentType" Runtime Setting is "TEXT"). URL="https://clientservices.googleapis.com/chrome-variations/seed?osname=win&channel=stable&milestone=76"  	[MsgId: MMSG-26548]
Action.c(30): web_url("seed") was successful, 32517 body bytes, 411 header bytes  	[MsgId: MMSG-26386]
Action.c(38): web_add_cookie started  	[MsgId: MMSG-26355]
Action.c(38): web_add_cookie was successful  	[MsgId: MMSG-26392]
Action.c(40): web_add_cookie started  	[MsgId: MMSG-26355]
Action.c(40): web_add_cookie was successful  	[MsgId: MMSG-26392]
Action.c(42): web_add_cookie started  	[MsgId: MMSG-26355]
Action.c(42): web_add_cookie was successful  	[MsgId: MMSG-26392]
Action.c(44): web_add_cookie started  	[MsgId: MMSG-26355]
Action.c(44): web_add_cookie was successful  	[MsgId: MMSG-26392]
Action.c(46): web_add_cookie started  	[MsgId: MMSG-26355]
Action.c(46): web_add_cookie was successful  	[MsgId: MMSG-26392]
Action.c(48): web_add_cookie started  	[MsgId: MMSG-26355]
Action.c(48): web_add_cookie was successful  	[MsgId: MMSG-26392]
Action.c(50): web_add_cookie started  	[MsgId: MMSG-26355]
Action.c(50): web_add_cookie was successful  	[MsgId: MMSG-26392]
Action.c(52): web_add_cookie started  	[MsgId: MMSG-26355]
Action.c(52): web_add_cookie was successful  	[MsgId: MMSG-26392]
Action.c(54): web_add_cookie started  	[MsgId: MMSG-26355]
Action.c(54): web_add_cookie was successful  	[MsgId: MMSG-26392]
Action.c(56): web_add_cookie started  	[MsgId: MMSG-26355]
Action.c(56): web_add_cookie was successful  	[MsgId: MMSG-26392]
Action.c(58): web_add_header("Origin") started  	[MsgId: MMSG-26355]
Action.c(58): web_add_header("Origin") was successful  	[MsgId: MMSG-26392]
Action.c(61): web_custom_request("ListAccounts") started  	[MsgId: MMSG-26355]
Action.c(61): Downloading resource "https://d3cv4a9a9wh0bt.cloudfront.net/dynamicConfig.json" (specified by argument number 11)  	[MsgId: MMSG-26577]
Action.c(61): web_custom_request("ListAccounts") was successful, 426 body bytes, 1650 header bytes  	[MsgId: MMSG-26386]
Action.c(74): web_add_cookie started  	[MsgId: MMSG-26355]
Action.c(74): web_add_cookie was successful  	[MsgId: MMSG-26392]
Action.c(76): web_add_cookie started  	[MsgId: MMSG-26355]
Action.c(76): web_add_cookie was successful  	[MsgId: MMSG-26392]
Action.c(78): web_add_cookie started  	[MsgId: MMSG-26355]
Action.c(78): web_add_cookie was successful  	[MsgId: MMSG-26392]
Action.c(80): web_add_cookie started  	[MsgId: MMSG-26355]
Action.c(80): web_add_cookie was successful  	[MsgId: MMSG-26392]
Action.c(82): web_add_cookie started  	[MsgId: MMSG-26355]
Action.c(82): web_add_cookie was successful  	[MsgId: MMSG-26392]
Action.c(84): web_add_cookie started  	[MsgId: MMSG-26355]
Action.c(84): web_add_cookie was successful  	[MsgId: MMSG-26392]
Action.c(86): web_add_cookie started  	[MsgId: MMSG-26355]
Action.c(86): web_add_cookie was successful  	[MsgId: MMSG-26392]
Action.c(89): web_add_cookie started  	[MsgId: MMSG-26355]
Action.c(89): web_add_cookie was successful  	[MsgId: MMSG-26392]
Action.c(91): web_add_cookie started  	[MsgId: MMSG-26355]
Action.c(91): web_add_cookie was successful  	[MsgId: MMSG-26392]
Action.c(93): web_add_header("Origin") started  	[MsgId: MMSG-26355]
Action.c(93): web_add_header("Origin") was successful  	[MsgId: MMSG-26392]
Action.c(96): web_add_header("Sec-Fetch-Mode") started  	[MsgId: MMSG-26355]
Action.c(96): web_add_header("Sec-Fetch-Mode") was successful  	[MsgId: MMSG-26392]
Action.c(99): web_remove_auto_header("Sec-Fetch-Site") started  	[MsgId: MMSG-26355]
Action.c(99): Previous automatically added web header for "Sec-Fetch-Site" removed  	[MsgId: MMSG-26587]
Action.c(99): web_remove/revert_auto_header("Sec-Fetch-Site") was successful  	[MsgId: MMSG-26392]
Action.c(101): web_add_header("Sec-Fetch-Site") started  	[MsgId: MMSG-26355]
Action.c(101): web_add_header("Sec-Fetch-Site") was successful  	[MsgId: MMSG-26392]
Action.c(104): web_add_header("x-client-type") started  	[MsgId: MMSG-26355]
Action.c(104): web_add_header("x-client-type") was successful  	[MsgId: MMSG-26392]
Action.c(107): web_add_header("x-client-version") started  	[MsgId: MMSG-26355]
Action.c(107): web_add_header("x-client-version") was successful  	[MsgId: MMSG-26392]
Action.c(110): web_add_header("x-container-id") started  	[MsgId: MMSG-26355]
Action.c(110): web_add_header("x-container-id") was successful  	[MsgId: MMSG-26392]
Action.c(113): web_add_header("x-csrf-token") started  	[MsgId: MMSG-26355]
Action.c(113): web_add_header("x-csrf-token") was successful  	[MsgId: MMSG-26392]
Action.c(116): web_custom_request("oranonymous") started  	[MsgId: MMSG-26355]
Action.c(116): web_custom_request("oranonymous") was successful, 930 body bytes, 566 header bytes  	[MsgId: MMSG-26386]
Action.c(127): web_add_header("Upgrade-Insecure-Requests") started  	[MsgId: MMSG-26355]
Action.c(127): web_add_header("Upgrade-Insecure-Requests") was successful  	[MsgId: MMSG-26392]
Action.c(130): web_add_header("X-Rlz-String") started  	[MsgId: MMSG-26355]
Action.c(130): web_add_header("X-Rlz-String") was successful  	[MsgId: MMSG-26392]
Action.c(133): web_url("www.google.com") started  	[MsgId: MMSG-26355]
Action.c(133): Downloading resource "https://ssl.gstatic.com/safebrowsing/csd/client_model_v5_variation_0.pb" (specified by argument number 9)  	[MsgId: MMSG-26577]
Action.c(133): Downloading resource "https://ssl.gstatic.com/safebrowsing/csd/client_model_v5_ext_variation_0.pb" (specified by argument number 12)  	[MsgId: MMSG-26577]
Action.c(133): Downloading resource "https://www.google.com/images/branding/googlelogo/1x/googlelogo_color_272x92dp.png" (specified by argument number 15)  	[MsgId: MMSG-26577]
Action.c(133): Downloading resource "https://www.google.com/images/searchbox/desktop_searchbox_sprites302_hr.webp" (specified by argument number 18)  	[MsgId: MMSG-26577]
Action.c(133): Downloading resource "https://www.google.com/images/nav_logo299.webp" (specified by argument number 21)  	[MsgId: MMSG-26577]
Action.c(133): Downloading resource "https://ssl.gstatic.com/gb/images/i1_1967ca6a.png" (specified by argument number 24)  	[MsgId: MMSG-26577]
Action.c(133): Downloading resource "https://www.google.com/xjs/_/js/k=xjs.s.en_US.o8oOKUtoWPU.O/ck=xjs.s.ZAYdcy2q3LQ.L.W.O/m=Fkg7bd,HcFEGb,IvlUe,MC8mtf,OF7gzc,RMhBfe,T4BAC,TJw5qb,TbaHGc,Y33vzc,cdos,hsm,iDPoPb,jsa,mvYTse,tg8oTe,uz938c,vWNDde,ws9Tlc,yQ43ff,d,csi/am=AgAAWATY7z4Q5P8rAAD4AgCAAHeBDRaIA6FiWA2IgA/d=1/dg=2/br=1/ct=zgms/rs=ACT90oEIFIbOanXtGqmg4GXxQPc3DnxJ1Q" (specified by argument number 27)  	[MsgId: MMSG-26577]
Action.c(133): Downloading resource "https://fonts.gstatic.com/s/roboto/v18/KFOmCnqEu92Fr1Mu4mxK.woff2" (specified by argument number 30)  	[MsgId: MMSG-26577]
Action.c(133): Downloading resource "https://fonts.gstatic.com/s/roboto/v18/KFOlCnqEu92Fr1MmWUlfBBc4.woff2" (specified by argument number 33)  	[MsgId: MMSG-26577]
Action.c(133): Downloading resource "https://www.gstatic.com/images/branding/googlemic/2x/googlemic_color_24dp.png" (specified by argument number 36)  	[MsgId: MMSG-26577]
Action.c(133): Downloading resource "https://www.gstatic.com/og/_/js/k=og.og2.en_US.m5OoxdGM7fM.O/rt=j/m=def,aswid/exm=in,fot/d=1/ed=1/rs=AA2YrTs0IcG2a12QVd2sqDU4p2pTnea2dQ" (specified by argument number 39)  	[MsgId: MMSG-26577]
Action.c(133): Downloading resource "https://www.google.com/xjs/_/js/k=xjs.s.en_US.o8oOKUtoWPU.O/ck=xjs.s.ZAYdcy2q3LQ.L.W.O/am=AgAAWATY7z4Q5P8rAAD4AgCAAHeBDRaIA6FiWA2IgA/d=1/exm=Fkg7bd,HcFEGb,IvlUe,MC8mtf,OF7gzc,RMhBfe,T4BAC,TJw5qb,TbaHGc,Y33vzc,cdos,csi,d,hsm,iDPoPb,jsa,mvYTse,tg8oTe,uz938c,vWNDde,ws9Tlc,yQ43ff/ed=1/dg=2/br=1/ct=zgms/rs=ACT90oEIFIbOanXtGqmg4GXxQPc3DnxJ1Q/m=aa,abd,async,dvl,fEVMic,foot,ifl,lu,m,mUpTid,mu,sb_wiz,sf,sonic,spch,wft,xz7cCd?xjs=s1" (specified by argument number 42)  	[MsgId: MMSG-26577]
Action.c(133): Downloading resource "https://apis.google.com/_/scs/abc-static/_/js/k=gapi.gapi.en.4CFxRrSvxq0.O/m=gapi_iframes,googleapis_client,plusone/rt=j/sv=1/d=1/ed=1/rs=AHpOoo8skdVJHB5uqGRXCunlhzuKwaF7Ag/cb=gapi.loaded_0" (specified by argument number 45)  	[MsgId: MMSG-26577]
Action.c(133): Downloading resource "https://www.google.com/images/branding/googlelogo/2x/googlelogo_color_92x30dp.png" (specified by argument number 48)  	[MsgId: MMSG-26577]
Action.c(133): Downloading resource "https://www.gstatic.com/ui/v1/activityindicator/loading_24.gif" (specified by argument number 51)  	[MsgId: MMSG-26577]
Action.c(133): Downloading resource "https://www.gstatic.com/og/_/js/k=og.qtm.en_US.OjPiiDkP6rY.O/rt=j/m=qabr,q_d,qcwid,qmutsd/exm=qaaw,qadd,qaid,qein,qhaw,qhbr,qhch,qhga,qhid,qhin,qhpr/d=1/ed=1/rs=AA2YrTuO2VKnI2hsONoUjbWalPweOFMAkg" (specified by argument number 54)  	[MsgId: MMSG-26577]
Action.c(133): Downloading resource "https://www.google.com/xjs/_/js/k=xjs.s.en_US.o8oOKUtoWPU.O/ck=xjs.s.ZAYdcy2q3LQ.L.W.O/m=Fkg7bd,HcFEGb,IvlUe,MC8mtf,OF7gzc,RMhBfe,T4BAC,TJw5qb,TbaHGc,Y33vzc,ZyRBae,cdos,hsm,iDPoPb,jsa,mvYTse,tg8oTe,uz938c,vWNDde,ws9Tlc,yQ43ff,d,csi/am=AgAAWATY7z6Q5_8rgAD4AgCAAHeBDRaIAaFiWA2IgA/d=1/dg=2/br=1/ct=zgms/rs=ACT90oEy63c12-cIKM9PsbYbPHm3q9dIYg" (specified by argument number 57)  	[MsgId: MMSG-26577]
Action.c(133): Downloading resource "https://www.google.com/maps/vt/data=7AqWyPiEKX1S0ExlydgD02xB3LxywULr5sTs342wPr24g84_znDIdobTDRx6yDVbZhPrP9gfStDTfO7cmIrWKi8Q1D8XLHHBtdFk3Y3SmdQKJMmBTs0zivPoitr1r6VZxtBySDv134FXLhLXYNyhbNUebNwVNF_APEQhL8Zp_jD-4nvnL6C7ZZXr9j-APy7Pe2qFzBRnbY60V9eLaEs4Ziyu2cNmoMdEvJiIsUmSKbO9nAJH9RxNJPLiKzmfSpwqR__5BWnZGMXvXr9W34sgF21LVKX_6iqSzo0sfCfF8ePnevl1r7um1Rcc3eZzn9bNEtxDN8zQmgiLG9PZBsnVP64EddUZoU5IaO9riX874UtJkgAAwuBgxe3K56ppyxtiGnlp82LCeBceeLWX0rAMXJyKwii9dZAR5ZkwMAo3nZQHSGBDuJZhidV9B4guredt_HisfAdOPqF9c-wfXWx2wmaoJcc0EelymbpbESUPLaft4WATbKwaUuy6QFtV6n4j_S3RxeZPYfzm4nCwFtBU1iTPqZTQgCP5tWZOzcGJNphr35lDTOiN1qlcwcktQmXk1hagAvUmuutgc52Fes9vCUFX0VKgtqofy3RDk-5lckOCWG8zJ8pqPkAkN1WNcmkpK4O8wTI-lu8OiQ5cFGL59bTanPfbe_eCBoyX4O3f1zrJbB83yMDfmQtdCB9l1rYI9ZF0uHlEPJLxprY6UrSt1DamTmZPp6VvPbgg4l14hFrROtPiIOspHwe4fb9kQPQlkYAN6iEf8FW2w1mbYQExmIYSQFiu50LRILdLAfcSjylXsK7QbViMChnSV0RdOsRxO8SphdBPYchYQZq9WiTvuUhcbz_zquEpTtsIutMkqSJjKoyvb5mUKq_gCmkShwRkpLQDjZ0cOxGbs3V_IU3EKWDcJHxo8jg2a2UyORSagQB5kMZcr5aFxJtzuAVQ-Wsf_84QUvtBbNk_50A5P1j9aBDGYAGdSq3hEqWScaW3J_642OeV3t8Hum0u2OZEuMmekIM-fTs7yyXt2f0E6bnGE-QyzHsCPDBvH2e1w7Ewh8ANsP_CnOs1yTpdS7RDrHj1MBC8cx_eRPdZufcQDPWtyCiZFKiF6pVapdhCrXm40ww" (specified by argument number 60)  	[MsgId: MMSG-26577]
Action.c(133): Downloading resource "https://id.google.com/verify/AAp5M_uo4FrSxA4Mh3hy3NLLHzLrsEn5GQEXlPJ5L09C45ZfgICLzRLd_Hl6QN-nnQg7ED20pB4whL20gXvRZW_E6HEmppCMaQg-eAJEKnXjdjr-3RMNZg" (specified by argument number 63)  	[MsgId: MMSG-26577]
Action.c(133): Downloading resource "https://www.google.com/xjs/_/js/k=xjs.s.en_US.o8oOKUtoWPU.O/ck=xjs.s.ZAYdcy2q3LQ.L.W.O/am=AgAAWATY7z6Q5_8rgAD4AgCAAHeBDRaIAaFiWA2IgA/d=1/exm=Fkg7bd,HcFEGb,IvlUe,MC8mtf,OF7gzc,RMhBfe,T4BAC,TJw5qb,TbaHGc,Y33vzc,ZyRBae,cdos,csi,d,hsm,iDPoPb,jsa,mvYTse,tg8oTe,uz938c,vWNDde,ws9Tlc,yQ43ff/ed=1/dg=2/br=1/ct=zgms/rs=ACT90oEy63c12-cIKM9PsbYbPHm3q9dIYg/m=F8FRnd,GxIAgd,NBZ7u,OG6ZHd,RqxLvf,T6sTsf,T7XTS,TxZWcc,URQPYc,Wq6lxf,XMgU6d,XjCeUc,aCZVp,aa,aam1T,abd,alc,aspn,async,bgd,clc,dvl,eN4qad,eZayvb,exdc,flum,foot,kyn,lazG7b,lii,llb,lu,m,mI3LFb,mUpTid,mpck,mu,o02Jie,oc8g5d,pB6Zqd,qik19b,rHjpXd,safc,sb_wiz,sf,sonic,spch,tl,vs,wft,xz7cCd,zbML3c?xjs=s1" (specified by argument number 66)  	[MsgId: MMSG-26577]
Action.c(133): Downloading resource "https://www.google.com/xjs/_/js/k=xjs.s.en_US.o8oOKUtoWPU.O/ck=xjs.s.ZAYdcy2q3LQ.L.W.O/am=AgAAWATY7z6Q5_8rgAD4AgCAAHeBDRaIAaFiWA2IgA/d=1/exm=F8FRnd,Fkg7bd,GxIAgd,HcFEGb,IvlUe,MC8mtf,NBZ7u,OF7gzc,OG6ZHd,RMhBfe,RqxLvf,T4BAC,T6sTsf,T7XTS,TJw5qb,TbaHGc,TxZWcc,URQPYc,Wq6lxf,XMgU6d,XjCeUc,Y33vzc,ZyRBae,aCZVp,aa,aam1T,abd,alc,aspn,async,bgd,cdos,clc,csi,d,dvl,eN4qad,eZayvb,exdc,flum,foot,hsm,iDPoPb,jsa,kyn,lazG7b,lii,llb,lu,m,mI3LFb,mUpTid,mpck,mu,mvYTse,o02Jie,oc8g5d,pB6Zqd,qik19b,rHjpXd,safc,sb_wiz,sf,sonic,spch,tg8oTe,tl,uz938c,vWNDde,vs,wft,ws9Tlc,xz7cCd,yQ43ff,zbML3c/ed=1/dg=2/br=1/ct=zgms/rs=ACT90oEy63c12-cIKM9PsbYbPHm3q9dIYg/m=ZuqZhb,c3JEL?xjs=s2" (specified by argument number 69)  	[MsgId: MMSG-26577]
Action.c(133): Downloading resource "https://www.google.com/xjs/_/js/k=xjs.s.en_US.o8oOKUtoWPU.O/ck=xjs.s.ZAYdcy2q3LQ.L.W.O/am=AgAAWATY7z6Q5_8rgAD4AgCAAHeBDRaIAaFiWA2IgA/d=1/exm=F8FRnd,Fkg7bd,GxIAgd,HcFEGb,IvlUe,MC8mtf,NBZ7u,OF7gzc,OG6ZHd,RMhBfe,RqxLvf,T4BAC,T6sTsf,T7XTS,TJw5qb,TbaHGc,TxZWcc,URQPYc,Wq6lxf,XMgU6d,XjCeUc,Y33vzc,ZuqZhb,ZyRBae,aCZVp,aa,aam1T,abd,alc,aspn,async,bgd,c3JEL,cdos,clc,csi,d,dvl,eN4qad,eZayvb,exdc,flum,foot,hsm,iDPoPb,jsa,kyn,lazG7b,lii,llb,lu,m,mI3LFb,mUpTid,mpck,mu,mvYTse,o02Jie,oc8g5d,pB6Zqd,qik19b,rHjpXd,safc,sb_wiz,sf,sonic,spch,tg8oTe,tl,uz938c,vWNDde,vs,wft,ws9Tlc,xz7cCd,yQ43ff,zbML3c/ed=1/dg=2/br=1/ct=zgms/rs=ACT90oEy63c12-cIKM9PsbYbPHm3q9dIYg/m=QPfswe,Uuupec,YmOPAf,r36a9c,xj7LNb?xjs=s2" (specified by argument number 72)  	[MsgId: MMSG-26577]
Action.c(133): Redirecting "http://www.google.com/" (redirection depth is 0)  	[MsgId: MMSG-26694]
Action.c(133): To location "https://www.google.com/?gws_rd=ssl"  	[MsgId: MMSG-26693]
Action.c(133): Found resource "https://www.google.com/images/branding/googlelogo/2x/googlelogo_color_272x92dp.png" in HTML "https://www.google.com/?gws_rd=ssl"  	[MsgId: MMSG-26659]
Action.c(133): web_url("www.google.com") was successful, 1096111 body bytes, 11919 header bytes  	[MsgId: MMSG-26386]
Action.c(171): web_add_header("Sec-Fetch-Mode") started  	[MsgId: MMSG-26355]
Action.c(171): web_add_header("Sec-Fetch-Mode") was successful  	[MsgId: MMSG-26392]
Action.c(174): web_add_header("Origin") started  	[MsgId: MMSG-26355]
Action.c(174): web_add_header("Origin") was successful  	[MsgId: MMSG-26392]
Action.c(177): web_add_header("Sec-Fetch-Site") started  	[MsgId: MMSG-26355]
Action.c(177): web_add_header("Sec-Fetch-Site") was successful  	[MsgId: MMSG-26392]
Action.c(180): web_custom_request("gen_204") started  	[MsgId: MMSG-26355]
Action.c(180): web_custom_request("gen_204") was successful, 0 body bytes, 217 header bytes  	[MsgId: MMSG-26386]
Action.c(191): web_add_cookie started  	[MsgId: MMSG-26355]
Action.c(191): web_add_cookie was successful  	[MsgId: MMSG-26392]
Action.c(193): web_add_cookie started  	[MsgId: MMSG-26355]
Action.c(193): web_add_cookie was successful  	[MsgId: MMSG-26392]
Action.c(195): web_add_cookie started  	[MsgId: MMSG-26355]
Action.c(195): web_add_cookie was successful  	[MsgId: MMSG-26392]
Action.c(197): web_add_cookie started  	[MsgId: MMSG-26355]
Action.c(197): web_add_cookie was successful  	[MsgId: MMSG-26392]
Action.c(199): web_add_cookie started  	[MsgId: MMSG-26355]
Action.c(199): web_add_cookie was successful  	[MsgId: MMSG-26392]
Action.c(201): web_add_cookie started  	[MsgId: MMSG-26355]
Action.c(201): web_add_cookie was successful  	[MsgId: MMSG-26392]
Action.c(203): web_add_cookie started  	[MsgId: MMSG-26355]
Action.c(203): web_add_cookie was successful  	[MsgId: MMSG-26392]
Action.c(206): web_add_cookie started  	[MsgId: MMSG-26355]
Action.c(206): web_add_cookie was successful  	[MsgId: MMSG-26392]
Action.c(208): web_add_cookie started  	[MsgId: MMSG-26355]
Action.c(208): web_add_cookie was successful  	[MsgId: MMSG-26392]
Action.c(210): web_add_cookie started  	[MsgId: MMSG-26355]
Action.c(210): web_add_cookie was successful  	[MsgId: MMSG-26392]
Action.c(212): web_add_header("Sec-Fetch-Mode") started  	[MsgId: MMSG-26355]
Action.c(212): web_add_header("Sec-Fetch-Mode") was successful  	[MsgId: MMSG-26392]
Action.c(215): web_add_header("Origin") started  	[MsgId: MMSG-26355]
Action.c(215): web_add_header("Origin") was successful  	[MsgId: MMSG-26392]
Action.c(218): web_add_header("Sec-Fetch-Site") started  	[MsgId: MMSG-26355]
Action.c(218): web_add_header("Sec-Fetch-Site") was successful  	[MsgId: MMSG-26392]
Action.c(221): web_add_header("x-client-type") started  	[MsgId: MMSG-26355]
Action.c(221): web_add_header("x-client-type") was successful  	[MsgId: MMSG-26392]
Action.c(224): web_add_header("x-client-version") started  	[MsgId: MMSG-26355]
Action.c(224): web_add_header("x-client-version") was successful  	[MsgId: MMSG-26392]
Action.c(227): web_add_header("x-container-id") started  	[MsgId: MMSG-26355]
Action.c(227): web_add_header("x-container-id") was successful  	[MsgId: MMSG-26392]
Action.c(230): web_add_header("x-csrf-token") started  	[MsgId: MMSG-26355]
Action.c(230): web_add_header("x-csrf-token") was successful  	[MsgId: MMSG-26392]
Action.c(233): web_custom_request("mimic") started  	[MsgId: MMSG-26355]
Action.c(233): Downloading resource "https://clients1.google.com/tbproxy/af/query?q=Chc2LjEuMTcxNS4xNDQyL2VuIChHR0xMKRMZ9dVUO7IApPEjLWlIR0ckFA==" (specified by argument number 12)  	[MsgId: MMSG-26577]
Action.c(233): web_custom_request("mimic") was successful, 538 body bytes, 1520 header bytes  	[MsgId: MMSG-26386]
Action.c(247): web_add_header("Sec-Fetch-Mode") started  	[MsgId: MMSG-26355]
Action.c(247): web_add_header("Sec-Fetch-Mode") was successful  	[MsgId: MMSG-26392]
Action.c(250): web_add_header("Origin") started  	[MsgId: MMSG-26355]
Action.c(250): web_add_header("Origin") was successful  	[MsgId: MMSG-26392]
Action.c(253): web_add_header("Sec-Fetch-Site") started  	[MsgId: MMSG-26355]
Action.c(253): web_add_header("Sec-Fetch-Site") was successful  	[MsgId: MMSG-26392]
Action.c(256): web_custom_request("gen_204_2") started  	[MsgId: MMSG-26355]
Action.c(256): web_custom_request("gen_204_2") was successful, 0 body bytes, 217 header bytes  	[MsgId: MMSG-26386]
Action.c(267): web_add_cookie started  	[MsgId: MMSG-26355]
Action.c(267): web_add_cookie was successful  	[MsgId: MMSG-26392]
Action.c(269): web_add_auto_header("Origin") started  	[MsgId: MMSG-26355]
Action.c(269): web_add_auto_header("Origin") was successful  	[MsgId: MMSG-26392]
Action.c(272): web_add_auto_header("Sec-Fetch-Mode") started  	[MsgId: MMSG-26355]
Action.c(272): web_add_auto_header("Sec-Fetch-Mode") was successful  	[MsgId: MMSG-26392]
Action.c(275): web_add_auto_header("Sec-Fetch-Site") started  	[MsgId: MMSG-26355]
Action.c(275): web_add_auto_header("Sec-Fetch-Site") was successful  	[MsgId: MMSG-26392]
Action.c(278): web_add_auto_header("x-client-type") started  	[MsgId: MMSG-26355]
Action.c(278): web_add_auto_header("x-client-type") was successful  	[MsgId: MMSG-26392]
Action.c(281): web_add_auto_header("x-client-version") started  	[MsgId: MMSG-26355]
Action.c(281): web_add_auto_header("x-client-version") was successful  	[MsgId: MMSG-26392]
Action.c(284): web_add_auto_header("x-container-id") started  	[MsgId: MMSG-26355]
Action.c(284): web_add_auto_header("x-container-id") was successful  	[MsgId: MMSG-26392]
Action.c(287): web_add_auto_header("x-csrf-token") started  	[MsgId: MMSG-26355]
Action.c(287): web_add_auto_header("x-csrf-token") was successful  	[MsgId: MMSG-26392]
Action.c(290): web_custom_request("find") started  	[MsgId: MMSG-26355]
Action.c(290): web_custom_request("find") was successful, 63 body bytes, 512 header bytes  	[MsgId: MMSG-26386]
Action.c(302): web_custom_request("dialectStrong") started  	[MsgId: MMSG-26355]
Action.c(302): web_custom_request("dialectStrong") was successful, 2 body bytes, 511 header bytes  	[MsgId: MMSG-26386]
Action.c(313): web_custom_request("emogenieEmojiState") started  	[MsgId: MMSG-26355]
Action.c(313): web_custom_request("emogenieEmojiState") was successful, 2 body bytes, 511 header bytes  	[MsgId: MMSG-26386]
Action.c(324): web_add_cookie started  	[MsgId: MMSG-26355]
Action.c(324): web_add_cookie was successful  	[MsgId: MMSG-26392]
Action.c(326): web_remove_auto_header("x-client-type") started  	[MsgId: MMSG-26355]
Action.c(326): Previous automatically added web header for "x-client-type" removed  	[MsgId: MMSG-26587]
Action.c(326): web_remove/revert_auto_header("x-client-type") was successful  	[MsgId: MMSG-26392]
Action.c(328): web_remove_auto_header("x-client-version") started  	[MsgId: MMSG-26355]
Action.c(328): Previous automatically added web header for "x-client-version" removed  	[MsgId: MMSG-26587]
Action.c(328): web_remove/revert_auto_header("x-client-version") was successful  	[MsgId: MMSG-26392]
Action.c(330): web_remove_auto_header("x-container-id") started  	[MsgId: MMSG-26355]
Action.c(330): Previous automatically added web header for "x-container-id" removed  	[MsgId: MMSG-26587]
Action.c(330): web_remove/revert_auto_header("x-container-id") was successful  	[MsgId: MMSG-26392]
Action.c(332): web_remove_auto_header("x-csrf-token") started  	[MsgId: MMSG-26355]
Action.c(332): Previous automatically added web header for "x-csrf-token" removed  	[MsgId: MMSG-26587]
Action.c(332): web_remove/revert_auto_header("x-csrf-token") was successful  	[MsgId: MMSG-26392]
Action.c(334): web_add_auto_header("Sec-Fetch-Site") started  	[MsgId: MMSG-26355]
Action.c(334): web_add_auto_header("Sec-Fetch-Site") was successful  	[MsgId: MMSG-26392]
Action.c(337): web_add_auto_header("Origin") started  	[MsgId: MMSG-26355]
Action.c(337): web_add_auto_header("Origin") was successful  	[MsgId: MMSG-26392]
Action.c(340): web_add_header("Purpose") started  	[MsgId: MMSG-26355]
Action.c(340): web_add_header("Purpose") was successful  	[MsgId: MMSG-26392]
Action.c(343): web_url("so") started  	[MsgId: MMSG-26355]
Action.c(343): Found resource "https://www.gstatic.com/_/mss/boq-one-google/_/js/k=boq-one-google.OneGoogleWidgetUi.en.aCwAdKpf1l8.es5.O/am=CwE/d=1/excm=_b,_tp,appwidgetnoauthview/ed=1/dg=0/wt=2/ct=zgms/rs=AM-SdHufrMeCpIY67i7E_CZRmVsZVkwCtQ/m=_b,_tp" in HTML "https://ogs.google.com/widget/app/so?hl=en&origin=https%3A%2F%2Fwww.google.com&pid=1&spid=1&usegapi=1"  	[MsgId: MMSG-26659]
Action.c(343): web_url("so") was successful, 60579 body bytes, 1506 header bytes  	[MsgId: MMSG-26386]
Action.c(352): web_add_cookie started  	[MsgId: MMSG-26355]
Action.c(352): web_add_cookie was successful  	[MsgId: MMSG-26392]
Action.c(354): web_add_auto_header("Sec-Fetch-Mode") started  	[MsgId: MMSG-26355]
Action.c(354): web_add_auto_header("Sec-Fetch-Mode") was successful  	[MsgId: MMSG-26392]
Action.c(357): web_add_auto_header("Sec-Fetch-Site") started  	[MsgId: MMSG-26355]
Action.c(357): web_add_auto_header("Sec-Fetch-Site") was successful  	[MsgId: MMSG-26392]
Action.c(360): web_custom_request("gen_204_3") started  	[MsgId: MMSG-26355]
Action.c(360): web_custom_request("gen_204_3") was successful, 0 body bytes, 217 header bytes  	[MsgId: MMSG-26386]
Action.c(371): web_add_auto_header("Sec-Fetch-Mode") started  	[MsgId: MMSG-26355]
Action.c(371): web_add_auto_header("Sec-Fetch-Mode") was successful  	[MsgId: MMSG-26392]
Action.c(374): web_add_auto_header("Origin") started  	[MsgId: MMSG-26355]
Action.c(374): web_add_auto_header("Origin") was successful  	[MsgId: MMSG-26392]
Action.c(377): web_add_auto_header("Sec-Fetch-Site") started  	[MsgId: MMSG-26355]
Action.c(377): web_add_auto_header("Sec-Fetch-Site") was successful  	[MsgId: MMSG-26392]
Action.c(380): web_custom_request("logv2") started  	[MsgId: MMSG-26355]
Action.c(380): web_custom_request("logv2") was successful, 0 body bytes, 420 header bytes  	[MsgId: MMSG-26386]
Action.c(392): web_add_auto_header("Origin") started  	[MsgId: MMSG-26355]
Action.c(392): web_add_auto_header("Origin") was successful  	[MsgId: MMSG-26392]
Action.c(395): web_add_auto_header("Sec-Fetch-Mode") started  	[MsgId: MMSG-26355]
Action.c(395): web_add_auto_header("Sec-Fetch-Mode") was successful  	[MsgId: MMSG-26392]
Action.c(398): web_add_auto_header("Sec-Fetch-Site") started  	[MsgId: MMSG-26355]
Action.c(398): web_add_auto_header("Sec-Fetch-Site") was successful  	[MsgId: MMSG-26392]
Action.c(401): web_custom_request("gen_204_4") started  	[MsgId: MMSG-26355]
Action.c(401): web_custom_request("gen_204_4") was successful, 0 body bytes, 217 header bytes  	[MsgId: MMSG-26386]
Action.c(412): web_custom_request("gen_204_5") started  	[MsgId: MMSG-26355]
Action.c(412): web_custom_request("gen_204_5") was successful, 0 body bytes, 217 header bytes  	[MsgId: MMSG-26386]
Action.c(423): web_remove_auto_header("Origin") started  	[MsgId: MMSG-26355]
Action.c(423): Previous automatically added web header for "Origin" removed  	[MsgId: MMSG-26587]
Action.c(423): web_remove/revert_auto_header("Origin") was successful  	[MsgId: MMSG-26392]
Action.c(425): web_add_auto_header("Sec-Fetch-Mode") started  	[MsgId: MMSG-26355]
Action.c(425): web_add_auto_header("Sec-Fetch-Mode") was successful  	[MsgId: MMSG-26392]
Action.c(428): web_url("search") started  	[MsgId: MMSG-26355]
Action.c(428): web_url("search") was successful, 71 body bytes, 422 header bytes  	[MsgId: MMSG-26386]
Action.c(437): web_add_auto_header("Sec-Fetch-Site") started  	[MsgId: MMSG-26355]
Action.c(437): web_add_auto_header("Sec-Fetch-Site") was successful  	[MsgId: MMSG-26392]
Action.c(440): web_add_header("Origin") started  	[MsgId: MMSG-26355]
Action.c(440): web_add_header("Origin") was successful  	[MsgId: MMSG-26392]
Action.c(443): web_custom_request("logv2_2") started  	[MsgId: MMSG-26355]
Action.c(443): web_custom_request("logv2_2") was successful, 0 body bytes, 381 header bytes  	[MsgId: MMSG-26386]
Action.c(455): web_add_auto_header("Sec-Fetch-Site") started  	[MsgId: MMSG-26355]
Action.c(455): web_add_auto_header("Sec-Fetch-Site") was successful  	[MsgId: MMSG-26392]
Action.c(458): web_add_auto_header("Sec-Fetch-Mode") started  	[MsgId: MMSG-26355]
Action.c(458): web_add_auto_header("Sec-Fetch-Mode") was successful  	[MsgId: MMSG-26392]
Action.c(461): web_url("gen_204_6") started  	[MsgId: MMSG-26355]
Action.c(461): web_url("gen_204_6") was successful, 0 body bytes, 333 header bytes  	[MsgId: MMSG-26386]
Action.c(470): web_add_cookie started  	[MsgId: MMSG-26355]
Action.c(470): web_add_cookie was successful  	[MsgId: MMSG-26392]
Action.c(472): web_add_auto_header("Sec-Fetch-Site") started  	[MsgId: MMSG-26355]
Action.c(472): web_add_auto_header("Sec-Fetch-Site") was successful  	[MsgId: MMSG-26392]
Action.c(475): web_url("ui") started  	[MsgId: MMSG-26355]
Action.c(475): web_url("ui") was successful, 0 body bytes, 491 header bytes  	[MsgId: MMSG-26386]
Action.c(484): web_add_header("Origin") started  	[MsgId: MMSG-26355]
Action.c(484): web_add_header("Origin") was successful  	[MsgId: MMSG-26392]
Action.c(487): web_add_auto_header("Sec-Fetch-Site") started  	[MsgId: MMSG-26355]
Action.c(487): web_add_auto_header("Sec-Fetch-Site") was successful  	[MsgId: MMSG-26392]
Action.c(490): web_custom_request("gen_204_7") started  	[MsgId: MMSG-26355]
Action.c(490): web_custom_request("gen_204_7") was successful, 0 body bytes, 217 header bytes  	[MsgId: MMSG-26386]
Action.c(501): web_add_auto_header("Sec-Fetch-Mode") started  	[MsgId: MMSG-26355]
Action.c(501): web_add_auto_header("Sec-Fetch-Mode") was successful  	[MsgId: MMSG-26392]
Action.c(504): web_url("search_2") started  	[MsgId: MMSG-26355]
Action.c(504): web_url("search_2") was successful, 200 body bytes, 422 header bytes  	[MsgId: MMSG-26386]
Action.c(513): web_url("search_3") started  	[MsgId: MMSG-26355]
Action.c(513): web_url("search_3") was successful, 208 body bytes, 422 header bytes  	[MsgId: MMSG-26386]
Action.c(522): web_url("search_4") started  	[MsgId: MMSG-26355]
Action.c(522): web_url("search_4") was successful, 178 body bytes, 422 header bytes  	[MsgId: MMSG-26386]
Action.c(531): web_url("search_5") started  	[MsgId: MMSG-26355]
Action.c(531): web_url("search_5") was successful, 178 body bytes, 422 header bytes  	[MsgId: MMSG-26386]
Action.c(540): web_url("search_6") started  	[MsgId: MMSG-26355]
Action.c(540): web_url("search_6") was successful, 185 body bytes, 422 header bytes  	[MsgId: MMSG-26386]
Action.c(549): web_url("search_7") started  	[MsgId: MMSG-26355]
Action.c(549): web_url("search_7") was successful, 182 body bytes, 422 header bytes  	[MsgId: MMSG-26386]
Action.c(558): web_remove_auto_header("Sec-Fetch-Mode") started  	[MsgId: MMSG-26355]
Action.c(558): Previous automatically added web header for "Sec-Fetch-Mode" removed  	[MsgId: MMSG-26587]
Action.c(558): web_remove/revert_auto_header("Sec-Fetch-Mode") was successful  	[MsgId: MMSG-26392]
Action.c(560): web_add_header("Sec-Fetch-Mode") started  	[MsgId: MMSG-26355]
Action.c(560): web_add_header("Sec-Fetch-Mode") was successful  	[MsgId: MMSG-26392]
Action.c(563): web_add_header("Sec-Fetch-User") started  	[MsgId: MMSG-26355]
Action.c(563): web_add_header("Sec-Fetch-User") was successful  	[MsgId: MMSG-26392]
Action.c(566): web_add_header("Upgrade-Insecure-Requests") started  	[MsgId: MMSG-26355]
Action.c(566): web_add_header("Upgrade-Insecure-Requests") was successful  	[MsgId: MMSG-26392]
Action.c(569): web_url("search_8") started  	[MsgId: MMSG-26355]
Action.c(569): Resource "https://www.google.com/images/branding/googlelogo/2x/googlelogo_color_92x30dp.png" is in the cache already and will not be downloaded again  	[MsgId: MMSG-26655]
Action.c(569): Resource "https://www.gstatic.com/ui/v1/activityindicator/loading_24.gif" is in the cache already and will not be downloaded again  	[MsgId: MMSG-26655]
Action.c(569): web_url("search_8") was successful, 119164 body bytes, 723 header bytes  	[MsgId: MMSG-26386]
Action.c(578): web_add_auto_header("Sec-Fetch-Site") started  	[MsgId: MMSG-26355]
Action.c(578): web_add_auto_header("Sec-Fetch-Site") was successful  	[MsgId: MMSG-26392]
Action.c(581): web_add_header("X-Goog-Update-AppId") started  	[MsgId: MMSG-26355]
Action.c(581): web_add_header("X-Goog-Update-AppId") was successful  	[MsgId: MMSG-26392]
Action.c(584): web_add_header("X-Goog-Update-Interactivity") started  	[MsgId: MMSG-26355]
Action.c(584): web_add_header("X-Goog-Update-Interactivity") was successful  	[MsgId: MMSG-26392]
Action.c(587): web_add_header("X-Goog-Update-Updater") started  	[MsgId: MMSG-26355]
Action.c(587): web_add_header("X-Goog-Update-Updater") was successful  	[MsgId: MMSG-26392]
Action.c(590): web_url("crx_2") started  	[MsgId: MMSG-26355]
Action.c(590): web_url("crx_2") was successful, 473 body bytes, 687 header bytes  	[MsgId: MMSG-26386]
Action.c(601): web_add_auto_header("Sec-Fetch-Mode") started  	[MsgId: MMSG-26355]
Action.c(601): web_add_auto_header("Sec-Fetch-Mode") was successful  	[MsgId: MMSG-26392]
Action.c(604): web_add_auto_header("Sec-Fetch-Site") started  	[MsgId: MMSG-26355]
Action.c(604): web_add_auto_header("Sec-Fetch-Site") was successful  	[MsgId: MMSG-26392]
Action.c(607): web_url("gen_204_8") started  	[MsgId: MMSG-26355]
Action.c(607): web_url("gen_204_8") was successful, 0 body bytes, 333 header bytes  	[MsgId: MMSG-26386]
Action.c(616): web_add_header("Origin") started  	[MsgId: MMSG-26355]
Action.c(616): web_add_header("Origin") was successful  	[MsgId: MMSG-26392]
Action.c(619): web_custom_request("gen_204_9") started  	[MsgId: MMSG-26355]
Action.c(619): web_custom_request("gen_204_9") was successful, 0 body bytes, 217 header bytes  	[MsgId: MMSG-26386]
Action.c(630): web_url("client_204") started  	[MsgId: MMSG-26355]
Action.c(630): web_url("client_204") was successful, 0 body bytes, 378 header bytes  	[MsgId: MMSG-26386]
Action.c(639): web_add_auto_header("Sec-Fetch-Site") started  	[MsgId: MMSG-26355]
Action.c(639): web_add_auto_header("Sec-Fetch-Site") was successful  	[MsgId: MMSG-26392]
Action.c(642): web_add_header("Origin") started  	[MsgId: MMSG-26355]
Action.c(642): web_add_header("Origin") was successful  	[MsgId: MMSG-26392]
Action.c(645): web_add_header("Purpose") started  	[MsgId: MMSG-26355]
Action.c(645): web_add_header("Purpose") was successful  	[MsgId: MMSG-26392]
Action.c(648): web_add_auto_header("Sec-Fetch-Mode") started  	[MsgId: MMSG-26355]
Action.c(648): web_add_auto_header("Sec-Fetch-Mode") was successful  	[MsgId: MMSG-26392]
Action.c(651): web_url("so_2") started  	[MsgId: MMSG-26355]
Action.c(651): Retrieving data from cache for "https://ogs.google.com/widget/app/so?hl=en&origin=https%3A%2F%2Fwww.google.com&pid=1&spid=1&usegapi=1"  	[MsgId: MMSG-26558]
Action.c(651): Resource "https://www.gstatic.com/_/mss/boq-one-google/_/js/k=boq-one-google.OneGoogleWidgetUi.en.aCwAdKpf1l8.es5.O/am=CwE/d=1/excm=_b,_tp,appwidgetnoauthview/ed=1/dg=0/wt=2/ct=zgms/rs=AM-SdHufrMeCpIY67i7E_CZRmVsZVkwCtQ/m=_b,_tp" is in the cache already and will not be downloaded again  	[MsgId: MMSG-26655]
Action.c(651): web_url("so_2") was successful, 0 body bytes, 0 header bytes  	[MsgId: MMSG-26386]
Action.c(660): web_add_auto_header("Sec-Fetch-Site") started  	[MsgId: MMSG-26355]
Action.c(660): web_add_auto_header("Sec-Fetch-Site") was successful  	[MsgId: MMSG-26392]
Action.c(663): web_url("bgasy") started  	[MsgId: MMSG-26355]
Action.c(663): web_url("bgasy") was successful, 3374 body bytes, 443 header bytes  	[MsgId: MMSG-26386]
Action.c(672): web_add_cookie started  	[MsgId: MMSG-26355]
Action.c(672): web_add_cookie was successful  	[MsgId: MMSG-26392]
Action.c(674): web_add_auto_header("Origin") started  	[MsgId: MMSG-26355]
Action.c(674): web_add_auto_header("Origin") was successful  	[MsgId: MMSG-26392]
Action.c(677): web_add_auto_header("Sec-Fetch-Mode") started  	[MsgId: MMSG-26355]
Action.c(677): web_add_auto_header("Sec-Fetch-Mode") was successful  	[MsgId: MMSG-26392]
Action.c(680): web_custom_request("gen_204_10") started  	[MsgId: MMSG-26355]
Action.c(680): web_custom_request("gen_204_10") was successful, 0 body bytes, 217 header bytes  	[MsgId: MMSG-26386]
Action.c(691): web_custom_request("gen_204_11") started  	[MsgId: MMSG-26355]
Action.c(691): web_custom_request("gen_204_11") was successful, 0 body bytes, 217 header bytes  	[MsgId: MMSG-26386]
Action.c(702): web_custom_request("gen_204_12") started  	[MsgId: MMSG-26355]
Action.c(702): web_custom_request("gen_204_12") was successful, 0 body bytes, 217 header bytes  	[MsgId: MMSG-26386]
Action.c(713): web_custom_request("gen_204_13") started  	[MsgId: MMSG-26355]
Action.c(713): web_custom_request("gen_204_13") was successful, 0 body bytes, 217 header bytes  	[MsgId: MMSG-26386]
Action.c(724): web_remove_auto_header("Origin") started  	[MsgId: MMSG-26355]
Action.c(724): Previous automatically added web header for "Origin" removed  	[MsgId: MMSG-26587]
Action.c(724): web_remove/revert_auto_header("Origin") was successful  	[MsgId: MMSG-26392]
Action.c(726): web_add_auto_header("Sec-Fetch-Mode") started  	[MsgId: MMSG-26355]
Action.c(726): web_add_auto_header("Sec-Fetch-Mode") was successful  	[MsgId: MMSG-26392]
Action.c(729): web_url("ecr") started  	[MsgId: MMSG-26355]
Action.c(729): web_url("ecr") was successful, 111 body bytes, 455 header bytes  	[MsgId: MMSG-26386]
Action.c(738): web_add_header("Origin") started  	[MsgId: MMSG-26355]
Action.c(738): web_add_header("Origin") was successful  	[MsgId: MMSG-26392]
Action.c(741): web_add_auto_header("Sec-Fetch-Mode") started  	[MsgId: MMSG-26355]
Action.c(741): web_add_auto_header("Sec-Fetch-Mode") was successful  	[MsgId: MMSG-26392]
Action.c(744): web_custom_request("gen_204_14") started  	[MsgId: MMSG-26355]
Action.c(744): web_custom_request("gen_204_14") was successful, 0 body bytes, 217 header bytes  	[MsgId: MMSG-26386]
Action.c(755): web_add_auto_header("Sec-Fetch-Site") started  	[MsgId: MMSG-26355]
Action.c(755): web_add_auto_header("Sec-Fetch-Site") was successful  	[MsgId: MMSG-26392]
Action.c(758): web_url("ui_2") started  	[MsgId: MMSG-26355]
Action.c(758): web_url("ui_2") was successful, 0 body bytes, 452 header bytes  	[MsgId: MMSG-26386]
Action.c(767): web_add_auto_header("Sec-Fetch-Site") started  	[MsgId: MMSG-26355]
Action.c(767): web_add_auto_header("Sec-Fetch-Site") was successful  	[MsgId: MMSG-26392]
Action.c(770): web_url("gen_204_15") started  	[MsgId: MMSG-26355]
Action.c(770): web_url("gen_204_15") was successful, 0 body bytes, 333 header bytes  	[MsgId: MMSG-26386]
Ending action Action.
Ending iteration 1.
Ending Vuser...
Starting action vuser_end.
Ending action vuser_end.
Vuser Terminated.
